[2025-10-03 10:25:36,738] INFO  [1] Microsoft.Hosting.Lifetime ((null)) - Now listening on: https://localhost:7153
[2025-10-03 10:25:38,348] INFO  [1] Microsoft.Hosting.Lifetime ((null)) - Now listening on: http://localhost:5028
[2025-10-03 10:25:38,603] INFO  [1] Microsoft.Hosting.Lifetime ((null)) - Application started. Press Ctrl+C to shut down.
[2025-10-03 10:25:38,659] INFO  [1] Microsoft.Hosting.Lifetime ((null)) - Hosting environment: Development
[2025-10-03 10:25:38,700] INFO  [1] Microsoft.Hosting.Lifetime ((null)) - Content root path: D:\Downloads\ShieldMyRide\ShieldMyRide
[2025-10-03 10:28:12,365] INFO  [.NET TP Worker] ShieldMyRide.Controllers.AuthenticationController ((null)) - Login attempt for username: Aruna_13
[2025-10-03 10:28:13,025] WARN  [.NET TP Worker] Microsoft.EntityFrameworkCore.Model.Validation ((null)) - No store type was specified for the decimal property 'ClaimAmount' on entity type 'InsuranceClaim'. This will cause values to be silently truncated if they do not fit in the default precision and scale. Explicitly specify the SQL server column type that can accommodate all the values in 'OnModelCreating' using 'HasColumnType', specify precision and scale using 'HasPrecision', or configure a value converter using 'HasConversion'.
[2025-10-03 10:28:13,028] WARN  [.NET TP Worker] Microsoft.EntityFrameworkCore.Model.Validation ((null)) - No store type was specified for the decimal property 'SettlementAmount' on entity type 'InsuranceClaim'. This will cause values to be silently truncated if they do not fit in the default precision and scale. Explicitly specify the SQL server column type that can accommodate all the values in 'OnModelCreating' using 'HasColumnType', specify precision and scale using 'HasPrecision', or configure a value converter using 'HasConversion'.
[2025-10-03 10:28:13,031] WARN  [.NET TP Worker] Microsoft.EntityFrameworkCore.Model.Validation ((null)) - No store type was specified for the decimal property 'AmountPaid' on entity type 'Payment'. This will cause values to be silently truncated if they do not fit in the default precision and scale. Explicitly specify the SQL server column type that can accommodate all the values in 'OnModelCreating' using 'HasColumnType', specify precision and scale using 'HasPrecision', or configure a value converter using 'HasConversion'.
[2025-10-03 10:28:13,033] WARN  [.NET TP Worker] Microsoft.EntityFrameworkCore.Model.Validation ((null)) - No store type was specified for the decimal property 'BasePremium' on entity type 'Policy'. This will cause values to be silently truncated if they do not fit in the default precision and scale. Explicitly specify the SQL server column type that can accommodate all the values in 'OnModelCreating' using 'HasColumnType', specify precision and scale using 'HasPrecision', or configure a value converter using 'HasConversion'.
[2025-10-03 10:28:13,038] WARN  [.NET TP Worker] Microsoft.EntityFrameworkCore.Model.Validation ((null)) - No store type was specified for the decimal property 'CoverageAmount' on entity type 'Policy'. This will cause values to be silently truncated if they do not fit in the default precision and scale. Explicitly specify the SQL server column type that can accommodate all the values in 'OnModelCreating' using 'HasColumnType', specify precision and scale using 'HasPrecision', or configure a value converter using 'HasConversion'.
[2025-10-03 10:28:13,041] WARN  [.NET TP Worker] Microsoft.EntityFrameworkCore.Model.Validation ((null)) - No store type was specified for the decimal property 'Premium' on entity type 'Proposal'. This will cause values to be silently truncated if they do not fit in the default precision and scale. Explicitly specify the SQL server column type that can accommodate all the values in 'OnModelCreating' using 'HasColumnType', specify precision and scale using 'HasPrecision', or configure a value converter using 'HasConversion'.
[2025-10-03 10:28:13,044] WARN  [.NET TP Worker] Microsoft.EntityFrameworkCore.Model.Validation ((null)) - No store type was specified for the decimal property 'PremiumAmount' on entity type 'Quote'. This will cause values to be silently truncated if they do not fit in the default precision and scale. Explicitly specify the SQL server column type that can accommodate all the values in 'OnModelCreating' using 'HasColumnType', specify precision and scale using 'HasPrecision', or configure a value converter using 'HasConversion'.
[2025-10-03 10:28:14,068] INFO  [.NET TP Worker] Microsoft.EntityFrameworkCore.Database.Command ((null)) - Executed DbCommand (118ms) [Parameters=[@__normalizedUserName_0='?' (Size = 256)], CommandType='Text', CommandTimeout='30']
SELECT TOP(1) [a].[Id], [a].[AadhaarHash], [a].[AccessFailedCount], [a].[ConcurrencyStamp], [a].[Email], [a].[EmailConfirmed], [a].[LockoutEnabled], [a].[LockoutEnd], [a].[NormalizedEmail], [a].[NormalizedUserName], [a].[PanHash], [a].[PasswordHash], [a].[PhoneNumber], [a].[PhoneNumberConfirmed], [a].[SecurityStamp], [a].[TwoFactorEnabled], [a].[UserName]
FROM [AspNetUsers] AS [a]
WHERE [a].[NormalizedUserName] = @__normalizedUserName_0
[2025-10-03 10:28:14,299] INFO  [.NET TP Worker] Microsoft.EntityFrameworkCore.Database.Command ((null)) - Executed DbCommand (15ms) [Parameters=[@__userId_0='?' (Size = 450)], CommandType='Text', CommandTimeout='30']
SELECT [a0].[Name]
FROM [AspNetUserRoles] AS [a]
INNER JOIN [AspNetRoles] AS [a0] ON [a].[RoleId] = [a0].[Id]
WHERE [a].[UserId] = @__userId_0
[2025-10-03 10:28:14,318] INFO  [.NET TP Worker] Microsoft.EntityFrameworkCore.Database.Command ((null)) - Executed DbCommand (8ms) [Parameters=[@__user_Email_0='?' (Size = 120)], CommandType='Text', CommandTimeout='30']
SELECT TOP(1) [u].[UserId], [u].[AadhaarNumber], [u].[CreatedAt], [u].[DateOfBirth], [u].[Email], [u].[FirstName], [u].[IdentityUserId], [u].[LastName], [u].[PanNumber], [u].[PasswordHash], [u].[PhoneNumber], [u].[Role]
FROM [Users] AS [u]
WHERE [u].[Email] = @__user_Email_0
[2025-10-03 10:28:14,350] INFO  [.NET TP Worker] ShieldMyRide.Controllers.AuthenticationController ((null)) - Login successful for username: Aruna_13, roles: User
[2025-10-03 11:12:50,904] INFO  [1] Microsoft.Hosting.Lifetime ((null)) - Now listening on: https://localhost:7153
[2025-10-03 11:12:50,978] INFO  [1] Microsoft.Hosting.Lifetime ((null)) - Now listening on: http://localhost:5028
[2025-10-03 11:12:51,206] INFO  [1] Microsoft.Hosting.Lifetime ((null)) - Application started. Press Ctrl+C to shut down.
[2025-10-03 11:12:51,233] INFO  [1] Microsoft.Hosting.Lifetime ((null)) - Hosting environment: Development
[2025-10-03 11:12:51,267] INFO  [1] Microsoft.Hosting.Lifetime ((null)) - Content root path: D:\Downloads\ShieldMyRide\ShieldMyRide
[2025-10-03 11:18:49,262] INFO  [1] Microsoft.Hosting.Lifetime ((null)) - Now listening on: https://localhost:7153
[2025-10-03 11:18:49,493] INFO  [1] Microsoft.Hosting.Lifetime ((null)) - Now listening on: http://localhost:5028
[2025-10-03 11:18:49,817] INFO  [1] Microsoft.Hosting.Lifetime ((null)) - Application started. Press Ctrl+C to shut down.
[2025-10-03 11:18:49,847] INFO  [1] Microsoft.Hosting.Lifetime ((null)) - Hosting environment: Development
[2025-10-03 11:18:49,868] INFO  [1] Microsoft.Hosting.Lifetime ((null)) - Content root path: D:\Downloads\ShieldMyRide\ShieldMyRide
[2025-10-03 11:19:52,445] INFO  [.NET TP Worker] ShieldMyRide.Controllers.AuthenticationController ((null)) - Login attempt for username: Kaviya_7
[2025-10-03 11:19:53,659] WARN  [.NET TP Worker] Microsoft.EntityFrameworkCore.Model.Validation ((null)) - No store type was specified for the decimal property 'ClaimAmount' on entity type 'InsuranceClaim'. This will cause values to be silently truncated if they do not fit in the default precision and scale. Explicitly specify the SQL server column type that can accommodate all the values in 'OnModelCreating' using 'HasColumnType', specify precision and scale using 'HasPrecision', or configure a value converter using 'HasConversion'.
[2025-10-03 11:19:53,665] WARN  [.NET TP Worker] Microsoft.EntityFrameworkCore.Model.Validation ((null)) - No store type was specified for the decimal property 'SettlementAmount' on entity type 'InsuranceClaim'. This will cause values to be silently truncated if they do not fit in the default precision and scale. Explicitly specify the SQL server column type that can accommodate all the values in 'OnModelCreating' using 'HasColumnType', specify precision and scale using 'HasPrecision', or configure a value converter using 'HasConversion'.
[2025-10-03 11:19:53,677] WARN  [.NET TP Worker] Microsoft.EntityFrameworkCore.Model.Validation ((null)) - No store type was specified for the decimal property 'AmountPaid' on entity type 'Payment'. This will cause values to be silently truncated if they do not fit in the default precision and scale. Explicitly specify the SQL server column type that can accommodate all the values in 'OnModelCreating' using 'HasColumnType', specify precision and scale using 'HasPrecision', or configure a value converter using 'HasConversion'.
[2025-10-03 11:19:53,696] WARN  [.NET TP Worker] Microsoft.EntityFrameworkCore.Model.Validation ((null)) - No store type was specified for the decimal property 'BasePremium' on entity type 'Policy'. This will cause values to be silently truncated if they do not fit in the default precision and scale. Explicitly specify the SQL server column type that can accommodate all the values in 'OnModelCreating' using 'HasColumnType', specify precision and scale using 'HasPrecision', or configure a value converter using 'HasConversion'.
[2025-10-03 11:19:53,707] WARN  [.NET TP Worker] Microsoft.EntityFrameworkCore.Model.Validation ((null)) - No store type was specified for the decimal property 'CoverageAmount' on entity type 'Policy'. This will cause values to be silently truncated if they do not fit in the default precision and scale. Explicitly specify the SQL server column type that can accommodate all the values in 'OnModelCreating' using 'HasColumnType', specify precision and scale using 'HasPrecision', or configure a value converter using 'HasConversion'.
[2025-10-03 11:19:53,715] WARN  [.NET TP Worker] Microsoft.EntityFrameworkCore.Model.Validation ((null)) - No store type was specified for the decimal property 'Premium' on entity type 'Proposal'. This will cause values to be silently truncated if they do not fit in the default precision and scale. Explicitly specify the SQL server column type that can accommodate all the values in 'OnModelCreating' using 'HasColumnType', specify precision and scale using 'HasPrecision', or configure a value converter using 'HasConversion'.
[2025-10-03 11:19:53,726] WARN  [.NET TP Worker] Microsoft.EntityFrameworkCore.Model.Validation ((null)) - No store type was specified for the decimal property 'PremiumAmount' on entity type 'Quote'. This will cause values to be silently truncated if they do not fit in the default precision and scale. Explicitly specify the SQL server column type that can accommodate all the values in 'OnModelCreating' using 'HasColumnType', specify precision and scale using 'HasPrecision', or configure a value converter using 'HasConversion'.
[2025-10-03 11:19:55,895] INFO  [.NET TP Worker] Microsoft.EntityFrameworkCore.Database.Command ((null)) - Executed DbCommand (559ms) [Parameters=[@__normalizedUserName_0='?' (Size = 256)], CommandType='Text', CommandTimeout='30']
SELECT TOP(1) [a].[Id], [a].[AadhaarHash], [a].[AccessFailedCount], [a].[ConcurrencyStamp], [a].[Email], [a].[EmailConfirmed], [a].[LockoutEnabled], [a].[LockoutEnd], [a].[NormalizedEmail], [a].[NormalizedUserName], [a].[PanHash], [a].[PasswordHash], [a].[PhoneNumber], [a].[PhoneNumberConfirmed], [a].[SecurityStamp], [a].[TwoFactorEnabled], [a].[UserName]
FROM [AspNetUsers] AS [a]
WHERE [a].[NormalizedUserName] = @__normalizedUserName_0
[2025-10-03 11:19:56,417] INFO  [.NET TP Worker] Microsoft.EntityFrameworkCore.Database.Command ((null)) - Executed DbCommand (28ms) [Parameters=[@__userId_0='?' (Size = 450)], CommandType='Text', CommandTimeout='30']
SELECT [a0].[Name]
FROM [AspNetUserRoles] AS [a]
INNER JOIN [AspNetRoles] AS [a0] ON [a].[RoleId] = [a0].[Id]
WHERE [a].[UserId] = @__userId_0
[2025-10-03 11:19:56,461] INFO  [.NET TP Worker] Microsoft.EntityFrameworkCore.Database.Command ((null)) - Executed DbCommand (14ms) [Parameters=[@__user_Email_0='?' (Size = 120)], CommandType='Text', CommandTimeout='30']
SELECT TOP(1) [u].[UserId], [u].[AadhaarNumber], [u].[CreatedAt], [u].[DateOfBirth], [u].[Email], [u].[FirstName], [u].[IdentityUserId], [u].[LastName], [u].[PanNumber], [u].[PasswordHash], [u].[PhoneNumber], [u].[Role]
FROM [Users] AS [u]
WHERE [u].[Email] = @__user_Email_0
[2025-10-03 11:19:56,560] INFO  [.NET TP Worker] ShieldMyRide.Controllers.AuthenticationController ((null)) - Officer login detected for username: Kaviya_7
[2025-10-03 11:19:56,577] INFO  [.NET TP Worker] ShieldMyRide.Controllers.AuthenticationController ((null)) - Login successful for username: Kaviya_7, roles: Officer
[2025-10-03 11:26:45,217] INFO  [1] Microsoft.Hosting.Lifetime ((null)) - Now listening on: https://localhost:7153
[2025-10-03 11:26:45,301] INFO  [1] Microsoft.Hosting.Lifetime ((null)) - Now listening on: http://localhost:5028
[2025-10-03 11:26:47,463] INFO  [1] Microsoft.Hosting.Lifetime ((null)) - Application started. Press Ctrl+C to shut down.
[2025-10-03 11:26:47,540] INFO  [1] Microsoft.Hosting.Lifetime ((null)) - Hosting environment: Development
[2025-10-03 11:26:47,605] INFO  [1] Microsoft.Hosting.Lifetime ((null)) - Content root path: D:\Downloads\ShieldMyRide\ShieldMyRide
[2025-10-03 20:14:51,036] INFO  [1] Microsoft.Hosting.Lifetime ((null)) - Now listening on: https://localhost:7153
[2025-10-03 20:14:51,133] INFO  [1] Microsoft.Hosting.Lifetime ((null)) - Now listening on: http://localhost:5028
[2025-10-03 20:14:51,467] INFO  [1] Microsoft.Hosting.Lifetime ((null)) - Application started. Press Ctrl+C to shut down.
[2025-10-03 20:14:51,505] INFO  [1] Microsoft.Hosting.Lifetime ((null)) - Hosting environment: Development
[2025-10-03 20:14:51,509] INFO  [1] Microsoft.Hosting.Lifetime ((null)) - Content root path: D:\Downloads\ShieldMyRide\ShieldMyRide
[2025-10-03 20:15:08,863] INFO  [.NET TP Worker] ShieldMyRide.Controllers.AuthenticationController ((null)) - Login attempt for username: Gayu
[2025-10-03 20:15:11,371] WARN  [.NET TP Worker] Microsoft.EntityFrameworkCore.Model.Validation ((null)) - No store type was specified for the decimal property 'ClaimAmount' on entity type 'InsuranceClaim'. This will cause values to be silently truncated if they do not fit in the default precision and scale. Explicitly specify the SQL server column type that can accommodate all the values in 'OnModelCreating' using 'HasColumnType', specify precision and scale using 'HasPrecision', or configure a value converter using 'HasConversion'.
[2025-10-03 20:15:11,383] WARN  [.NET TP Worker] Microsoft.EntityFrameworkCore.Model.Validation ((null)) - No store type was specified for the decimal property 'SettlementAmount' on entity type 'InsuranceClaim'. This will cause values to be silently truncated if they do not fit in the default precision and scale. Explicitly specify the SQL server column type that can accommodate all the values in 'OnModelCreating' using 'HasColumnType', specify precision and scale using 'HasPrecision', or configure a value converter using 'HasConversion'.
[2025-10-03 20:15:11,392] WARN  [.NET TP Worker] Microsoft.EntityFrameworkCore.Model.Validation ((null)) - No store type was specified for the decimal property 'AmountPaid' on entity type 'Payment'. This will cause values to be silently truncated if they do not fit in the default precision and scale. Explicitly specify the SQL server column type that can accommodate all the values in 'OnModelCreating' using 'HasColumnType', specify precision and scale using 'HasPrecision', or configure a value converter using 'HasConversion'.
[2025-10-03 20:15:11,406] WARN  [.NET TP Worker] Microsoft.EntityFrameworkCore.Model.Validation ((null)) - No store type was specified for the decimal property 'BasePremium' on entity type 'Policy'. This will cause values to be silently truncated if they do not fit in the default precision and scale. Explicitly specify the SQL server column type that can accommodate all the values in 'OnModelCreating' using 'HasColumnType', specify precision and scale using 'HasPrecision', or configure a value converter using 'HasConversion'.
[2025-10-03 20:15:11,422] WARN  [.NET TP Worker] Microsoft.EntityFrameworkCore.Model.Validation ((null)) - No store type was specified for the decimal property 'CoverageAmount' on entity type 'Policy'. This will cause values to be silently truncated if they do not fit in the default precision and scale. Explicitly specify the SQL server column type that can accommodate all the values in 'OnModelCreating' using 'HasColumnType', specify precision and scale using 'HasPrecision', or configure a value converter using 'HasConversion'.
[2025-10-03 20:15:11,489] WARN  [.NET TP Worker] Microsoft.EntityFrameworkCore.Model.Validation ((null)) - No store type was specified for the decimal property 'Premium' on entity type 'Proposal'. This will cause values to be silently truncated if they do not fit in the default precision and scale. Explicitly specify the SQL server column type that can accommodate all the values in 'OnModelCreating' using 'HasColumnType', specify precision and scale using 'HasPrecision', or configure a value converter using 'HasConversion'.
[2025-10-03 20:15:11,514] WARN  [.NET TP Worker] Microsoft.EntityFrameworkCore.Model.Validation ((null)) - No store type was specified for the decimal property 'PremiumAmount' on entity type 'Quote'. This will cause values to be silently truncated if they do not fit in the default precision and scale. Explicitly specify the SQL server column type that can accommodate all the values in 'OnModelCreating' using 'HasColumnType', specify precision and scale using 'HasPrecision', or configure a value converter using 'HasConversion'.
[2025-10-03 20:15:14,515] INFO  [.NET TP Worker] Microsoft.EntityFrameworkCore.Database.Command ((null)) - Executed DbCommand (309ms) [Parameters=[@__normalizedUserName_0='?' (Size = 256)], CommandType='Text', CommandTimeout='30']
SELECT TOP(1) [a].[Id], [a].[AadhaarHash], [a].[AccessFailedCount], [a].[ConcurrencyStamp], [a].[Email], [a].[EmailConfirmed], [a].[LockoutEnabled], [a].[LockoutEnd], [a].[NormalizedEmail], [a].[NormalizedUserName], [a].[PanHash], [a].[PasswordHash], [a].[PhoneNumber], [a].[PhoneNumberConfirmed], [a].[SecurityStamp], [a].[TwoFactorEnabled], [a].[UserName]
FROM [AspNetUsers] AS [a]
WHERE [a].[NormalizedUserName] = @__normalizedUserName_0
[2025-10-03 20:15:15,174] WARN  [.NET TP Worker] ShieldMyRide.Controllers.AuthenticationController ((null)) - Login failed for username: Gayu
[2025-10-03 20:15:27,487] INFO  [.NET TP Worker] ShieldMyRide.Controllers.AuthenticationController ((null)) - Login attempt for username: Gayu
[2025-10-03 20:15:27,757] INFO  [.NET TP Worker] Microsoft.EntityFrameworkCore.Database.Command ((null)) - Executed DbCommand (27ms) [Parameters=[@__normalizedUserName_0='?' (Size = 256)], CommandType='Text', CommandTimeout='30']
SELECT TOP(1) [a].[Id], [a].[AadhaarHash], [a].[AccessFailedCount], [a].[ConcurrencyStamp], [a].[Email], [a].[EmailConfirmed], [a].[LockoutEnabled], [a].[LockoutEnd], [a].[NormalizedEmail], [a].[NormalizedUserName], [a].[PanHash], [a].[PasswordHash], [a].[PhoneNumber], [a].[PhoneNumberConfirmed], [a].[SecurityStamp], [a].[TwoFactorEnabled], [a].[UserName]
FROM [AspNetUsers] AS [a]
WHERE [a].[NormalizedUserName] = @__normalizedUserName_0
[2025-10-03 20:15:28,272] WARN  [.NET TP Worker] ShieldMyRide.Controllers.AuthenticationController ((null)) - Login failed for username: Gayu
[2025-10-03 20:17:05,913] INFO  [.NET TP Worker] ShieldMyRide.Controllers.AuthenticationController ((null)) - Login attempt for username: Gayathri_12
[2025-10-03 20:17:06,012] INFO  [.NET TP Worker] Microsoft.EntityFrameworkCore.Database.Command ((null)) - Executed DbCommand (28ms) [Parameters=[@__normalizedUserName_0='?' (Size = 256)], CommandType='Text', CommandTimeout='30']
SELECT TOP(1) [a].[Id], [a].[AadhaarHash], [a].[AccessFailedCount], [a].[ConcurrencyStamp], [a].[Email], [a].[EmailConfirmed], [a].[LockoutEnabled], [a].[LockoutEnd], [a].[NormalizedEmail], [a].[NormalizedUserName], [a].[PanHash], [a].[PasswordHash], [a].[PhoneNumber], [a].[PhoneNumberConfirmed], [a].[SecurityStamp], [a].[TwoFactorEnabled], [a].[UserName]
FROM [AspNetUsers] AS [a]
WHERE [a].[NormalizedUserName] = @__normalizedUserName_0
[2025-10-03 20:17:06,363] WARN  [.NET TP Worker] ShieldMyRide.Controllers.AuthenticationController ((null)) - Login failed for username: Gayathri_12
[2025-10-03 20:17:10,867] INFO  [.NET TP Worker] ShieldMyRide.Controllers.AuthenticationController ((null)) - Login attempt for username: Gayathri
[2025-10-03 20:17:10,890] INFO  [.NET TP Worker] Microsoft.EntityFrameworkCore.Database.Command ((null)) - Executed DbCommand (3ms) [Parameters=[@__normalizedUserName_0='?' (Size = 256)], CommandType='Text', CommandTimeout='30']
SELECT TOP(1) [a].[Id], [a].[AadhaarHash], [a].[AccessFailedCount], [a].[ConcurrencyStamp], [a].[Email], [a].[EmailConfirmed], [a].[LockoutEnabled], [a].[LockoutEnd], [a].[NormalizedEmail], [a].[NormalizedUserName], [a].[PanHash], [a].[PasswordHash], [a].[PhoneNumber], [a].[PhoneNumberConfirmed], [a].[SecurityStamp], [a].[TwoFactorEnabled], [a].[UserName]
FROM [AspNetUsers] AS [a]
WHERE [a].[NormalizedUserName] = @__normalizedUserName_0
[2025-10-03 20:17:11,464] INFO  [.NET TP Worker] Microsoft.EntityFrameworkCore.Database.Command ((null)) - Executed DbCommand (13ms) [Parameters=[@__userId_0='?' (Size = 450)], CommandType='Text', CommandTimeout='30']
SELECT [a0].[Name]
FROM [AspNetUserRoles] AS [a]
INNER JOIN [AspNetRoles] AS [a0] ON [a].[RoleId] = [a0].[Id]
WHERE [a].[UserId] = @__userId_0
[2025-10-03 20:17:11,509] INFO  [.NET TP Worker] Microsoft.EntityFrameworkCore.Database.Command ((null)) - Executed DbCommand (7ms) [Parameters=[@__user_Email_0='?' (Size = 120)], CommandType='Text', CommandTimeout='30']
SELECT TOP(1) [u].[UserId], [u].[AadhaarNumber], [u].[CreatedAt], [u].[DateOfBirth], [u].[Email], [u].[FirstName], [u].[IdentityUserId], [u].[LastName], [u].[PanNumber], [u].[PasswordHash], [u].[PhoneNumber], [u].[Role]
FROM [Users] AS [u]
WHERE [u].[Email] = @__user_Email_0
[2025-10-03 20:17:11,520] ERROR [.NET TP Worker] ShieldMyRide.Controllers.AuthenticationController ((null)) - Custom user record not found for username: Gayathri, email: gayatrhi@yahoo.com
[2025-10-03 20:18:18,775] INFO  [.NET TP Worker] ShieldMyRide.Controllers.AuthenticationController ((null)) - Register attempt for username: Gayathri_21, email: gayathri.ec21@bitsathy.ac.in
[2025-10-03 20:18:18,822] INFO  [.NET TP Worker] Microsoft.EntityFrameworkCore.Database.Command ((null)) - Executed DbCommand (24ms) [Parameters=[@__normalizedUserName_0='?' (Size = 256)], CommandType='Text', CommandTimeout='30']
SELECT TOP(1) [a].[Id], [a].[AadhaarHash], [a].[AccessFailedCount], [a].[ConcurrencyStamp], [a].[Email], [a].[EmailConfirmed], [a].[LockoutEnabled], [a].[LockoutEnd], [a].[NormalizedEmail], [a].[NormalizedUserName], [a].[PanHash], [a].[PasswordHash], [a].[PhoneNumber], [a].[PhoneNumberConfirmed], [a].[SecurityStamp], [a].[TwoFactorEnabled], [a].[UserName]
FROM [AspNetUsers] AS [a]
WHERE [a].[NormalizedUserName] = @__normalizedUserName_0
[2025-10-03 20:18:19,223] INFO  [.NET TP Worker] Microsoft.EntityFrameworkCore.Database.Command ((null)) - Executed DbCommand (2ms) [Parameters=[@__normalizedUserName_0='?' (Size = 256)], CommandType='Text', CommandTimeout='30']
SELECT TOP(1) [a].[Id], [a].[AadhaarHash], [a].[AccessFailedCount], [a].[ConcurrencyStamp], [a].[Email], [a].[EmailConfirmed], [a].[LockoutEnabled], [a].[LockoutEnd], [a].[NormalizedEmail], [a].[NormalizedUserName], [a].[PanHash], [a].[PasswordHash], [a].[PhoneNumber], [a].[PhoneNumberConfirmed], [a].[SecurityStamp], [a].[TwoFactorEnabled], [a].[UserName]
FROM [AspNetUsers] AS [a]
WHERE [a].[NormalizedUserName] = @__normalizedUserName_0
[2025-10-03 20:18:19,639] INFO  [.NET TP Worker] Microsoft.EntityFrameworkCore.Database.Command ((null)) - Executed DbCommand (35ms) [Parameters=[@p0='?' (Size = 450), @p1='?' (Size = 4000), @p2='?' (DbType = Int32), @p3='?' (Size = 4000), @p4='?' (Size = 256), @p5='?' (DbType = Boolean), @p6='?' (DbType = Boolean), @p7='?' (DbType = DateTimeOffset), @p8='?' (Size = 256), @p9='?' (Size = 256), @p10='?' (Size = 4000), @p11='?' (Size = 4000), @p12='?' (Size = 4000), @p13='?' (DbType = Boolean), @p14='?' (Size = 4000), @p15='?' (DbType = Boolean), @p16='?' (Size = 256)], CommandType='Text', CommandTimeout='30']
SET IMPLICIT_TRANSACTIONS OFF;
SET NOCOUNT ON;
INSERT INTO [AspNetUsers] ([Id], [AadhaarHash], [AccessFailedCount], [ConcurrencyStamp], [Email], [EmailConfirmed], [LockoutEnabled], [LockoutEnd], [NormalizedEmail], [NormalizedUserName], [PanHash], [PasswordHash], [PhoneNumber], [PhoneNumberConfirmed], [SecurityStamp], [TwoFactorEnabled], [UserName])
VALUES (@p0, @p1, @p2, @p3, @p4, @p5, @p6, @p7, @p8, @p9, @p10, @p11, @p12, @p13, @p14, @p15, @p16);
[2025-10-03 20:18:19,731] INFO  [.NET TP Worker] Microsoft.EntityFrameworkCore.Database.Command ((null)) - Executed DbCommand (23ms) [Parameters=[@__normalizedName_0='?' (Size = 256)], CommandType='Text', CommandTimeout='30']
SELECT TOP(1) [a].[Id], [a].[ConcurrencyStamp], [a].[Name], [a].[NormalizedName]
FROM [AspNetRoles] AS [a]
WHERE [a].[NormalizedName] = @__normalizedName_0
[2025-10-03 20:18:19,814] INFO  [.NET TP Worker] Microsoft.EntityFrameworkCore.Database.Command ((null)) - Executed DbCommand (8ms) [Parameters=[@__normalizedRoleName_0='?' (Size = 256)], CommandType='Text', CommandTimeout='30']
SELECT TOP(2) [a].[Id], [a].[ConcurrencyStamp], [a].[Name], [a].[NormalizedName]
FROM [AspNetRoles] AS [a]
WHERE [a].[NormalizedName] = @__normalizedRoleName_0
[2025-10-03 20:18:19,961] INFO  [.NET TP Worker] Microsoft.EntityFrameworkCore.Database.Command ((null)) - Executed DbCommand (8ms) [Parameters=[@__p_0='?' (Size = 450), @__p_1='?' (Size = 450)], CommandType='Text', CommandTimeout='30']
SELECT TOP(1) [a].[UserId], [a].[RoleId]
FROM [AspNetUserRoles] AS [a]
WHERE [a].[UserId] = @__p_0 AND [a].[RoleId] = @__p_1
[2025-10-03 20:18:19,995] INFO  [.NET TP Worker] Microsoft.EntityFrameworkCore.Database.Command ((null)) - Executed DbCommand (3ms) [Parameters=[@__normalizedRoleName_0='?' (Size = 256)], CommandType='Text', CommandTimeout='30']
SELECT TOP(2) [a].[Id], [a].[ConcurrencyStamp], [a].[Name], [a].[NormalizedName]
FROM [AspNetRoles] AS [a]
WHERE [a].[NormalizedName] = @__normalizedRoleName_0
[2025-10-03 20:18:20,056] INFO  [.NET TP Worker] Microsoft.EntityFrameworkCore.Database.Command ((null)) - Executed DbCommand (2ms) [Parameters=[@__normalizedUserName_0='?' (Size = 256)], CommandType='Text', CommandTimeout='30']
SELECT TOP(1) [a].[Id], [a].[AadhaarHash], [a].[AccessFailedCount], [a].[ConcurrencyStamp], [a].[Email], [a].[EmailConfirmed], [a].[LockoutEnabled], [a].[LockoutEnd], [a].[NormalizedEmail], [a].[NormalizedUserName], [a].[PanHash], [a].[PasswordHash], [a].[PhoneNumber], [a].[PhoneNumberConfirmed], [a].[SecurityStamp], [a].[TwoFactorEnabled], [a].[UserName]
FROM [AspNetUsers] AS [a]
WHERE [a].[NormalizedUserName] = @__normalizedUserName_0
[2025-10-03 20:18:20,273] INFO  [.NET TP Worker] Microsoft.EntityFrameworkCore.Database.Command ((null)) - Executed DbCommand (38ms) [Parameters=[@p0='?' (Size = 450), @p1='?' (Size = 450), @p18='?' (Size = 450), @p2='?' (Size = 4000), @p3='?' (DbType = Int32), @p4='?' (Size = 4000), @p19='?' (Size = 4000), @p5='?' (Size = 256), @p6='?' (DbType = Boolean), @p7='?' (DbType = Boolean), @p8='?' (DbType = DateTimeOffset), @p9='?' (Size = 256), @p10='?' (Size = 256), @p11='?' (Size = 4000), @p12='?' (Size = 4000), @p13='?' (Size = 4000), @p14='?' (DbType = Boolean), @p15='?' (Size = 4000), @p16='?' (DbType = Boolean), @p17='?' (Size = 256)], CommandType='Text', CommandTimeout='30']
SET NOCOUNT ON;
INSERT INTO [AspNetUserRoles] ([RoleId], [UserId])
VALUES (@p0, @p1);
UPDATE [AspNetUsers] SET [AadhaarHash] = @p2, [AccessFailedCount] = @p3, [ConcurrencyStamp] = @p4, [Email] = @p5, [EmailConfirmed] = @p6, [LockoutEnabled] = @p7, [LockoutEnd] = @p8, [NormalizedEmail] = @p9, [NormalizedUserName] = @p10, [PanHash] = @p11, [PasswordHash] = @p12, [PhoneNumber] = @p13, [PhoneNumberConfirmed] = @p14, [SecurityStamp] = @p15, [TwoFactorEnabled] = @p16, [UserName] = @p17
OUTPUT 1
WHERE [Id] = @p18 AND [ConcurrencyStamp] = @p19;
[2025-10-03 20:18:20,576] INFO  [.NET TP Worker] Microsoft.EntityFrameworkCore.Database.Command ((null)) - Executed DbCommand (22ms) [Parameters=[@p0='?' (Size = 4000), @p1='?' (DbType = DateTime2), @p2='?' (DbType = DateTime2), @p3='?' (Size = 120), @p4='?' (Size = 50), @p5='?' (Size = 4000), @p6='?' (Size = 50), @p7='?' (Size = 4000), @p8='?' (Size = 4000), @p9='?' (Size = 4000), @p10='?' (Size = 4000)], CommandType='Text', CommandTimeout='30']
SET IMPLICIT_TRANSACTIONS OFF;
SET NOCOUNT ON;
INSERT INTO [Users] ([AadhaarNumber], [CreatedAt], [DateOfBirth], [Email], [FirstName], [IdentityUserId], [LastName], [PanNumber], [PasswordHash], [PhoneNumber], [Role])
OUTPUT INSERTED.[UserId]
VALUES (@p0, @p1, @p2, @p3, @p4, @p5, @p6, @p7, @p8, @p9, @p10);
[2025-10-03 20:18:20,652] INFO  [.NET TP Worker] ShieldMyRide.Controllers.AuthenticationController ((null)) - User Gayathri_21 successfully registered with role admin.
[2025-10-03 20:18:29,567] INFO  [.NET TP Worker] ShieldMyRide.Controllers.AuthenticationController ((null)) - Login attempt for username: Gayathri_12
[2025-10-03 20:18:29,606] INFO  [.NET TP Worker] Microsoft.EntityFrameworkCore.Database.Command ((null)) - Executed DbCommand (23ms) [Parameters=[@__normalizedUserName_0='?' (Size = 256)], CommandType='Text', CommandTimeout='30']
SELECT TOP(1) [a].[Id], [a].[AadhaarHash], [a].[AccessFailedCount], [a].[ConcurrencyStamp], [a].[Email], [a].[EmailConfirmed], [a].[LockoutEnabled], [a].[LockoutEnd], [a].[NormalizedEmail], [a].[NormalizedUserName], [a].[PanHash], [a].[PasswordHash], [a].[PhoneNumber], [a].[PhoneNumberConfirmed], [a].[SecurityStamp], [a].[TwoFactorEnabled], [a].[UserName]
FROM [AspNetUsers] AS [a]
WHERE [a].[NormalizedUserName] = @__normalizedUserName_0
[2025-10-03 20:18:29,956] WARN  [.NET TP Worker] ShieldMyRide.Controllers.AuthenticationController ((null)) - Login failed for username: Gayathri_12
[2025-10-03 20:19:18,440] INFO  [.NET TP Worker] ShieldMyRide.Controllers.AuthenticationController ((null)) - Login attempt for username: Gayathri_12
[2025-10-03 20:19:18,480] INFO  [.NET TP Worker] Microsoft.EntityFrameworkCore.Database.Command ((null)) - Executed DbCommand (25ms) [Parameters=[@__normalizedUserName_0='?' (Size = 256)], CommandType='Text', CommandTimeout='30']
SELECT TOP(1) [a].[Id], [a].[AadhaarHash], [a].[AccessFailedCount], [a].[ConcurrencyStamp], [a].[Email], [a].[EmailConfirmed], [a].[LockoutEnabled], [a].[LockoutEnd], [a].[NormalizedEmail], [a].[NormalizedUserName], [a].[PanHash], [a].[PasswordHash], [a].[PhoneNumber], [a].[PhoneNumberConfirmed], [a].[SecurityStamp], [a].[TwoFactorEnabled], [a].[UserName]
FROM [AspNetUsers] AS [a]
WHERE [a].[NormalizedUserName] = @__normalizedUserName_0
[2025-10-03 20:19:18,844] WARN  [.NET TP Worker] ShieldMyRide.Controllers.AuthenticationController ((null)) - Login failed for username: Gayathri_12
[2025-10-03 20:20:03,609] INFO  [.NET TP Worker] ShieldMyRide.Controllers.AuthenticationController ((null)) - Login attempt for username: gayathri12@gmail.com
[2025-10-03 20:20:03,646] INFO  [.NET TP Worker] Microsoft.EntityFrameworkCore.Database.Command ((null)) - Executed DbCommand (24ms) [Parameters=[@__normalizedUserName_0='?' (Size = 256)], CommandType='Text', CommandTimeout='30']
SELECT TOP(1) [a].[Id], [a].[AadhaarHash], [a].[AccessFailedCount], [a].[ConcurrencyStamp], [a].[Email], [a].[EmailConfirmed], [a].[LockoutEnabled], [a].[LockoutEnd], [a].[NormalizedEmail], [a].[NormalizedUserName], [a].[PanHash], [a].[PasswordHash], [a].[PhoneNumber], [a].[PhoneNumberConfirmed], [a].[SecurityStamp], [a].[TwoFactorEnabled], [a].[UserName]
FROM [AspNetUsers] AS [a]
WHERE [a].[NormalizedUserName] = @__normalizedUserName_0
[2025-10-03 20:20:03,942] WARN  [.NET TP Worker] ShieldMyRide.Controllers.AuthenticationController ((null)) - Login failed for username: gayathri12@gmail.com
[2025-10-03 20:20:39,382] INFO  [.NET TP Worker] ShieldMyRide.Controllers.AuthenticationController ((null)) - Login attempt for username: Aruna_13
[2025-10-03 20:20:39,417] INFO  [.NET TP Worker] Microsoft.EntityFrameworkCore.Database.Command ((null)) - Executed DbCommand (23ms) [Parameters=[@__normalizedUserName_0='?' (Size = 256)], CommandType='Text', CommandTimeout='30']
SELECT TOP(1) [a].[Id], [a].[AadhaarHash], [a].[AccessFailedCount], [a].[ConcurrencyStamp], [a].[Email], [a].[EmailConfirmed], [a].[LockoutEnabled], [a].[LockoutEnd], [a].[NormalizedEmail], [a].[NormalizedUserName], [a].[PanHash], [a].[PasswordHash], [a].[PhoneNumber], [a].[PhoneNumberConfirmed], [a].[SecurityStamp], [a].[TwoFactorEnabled], [a].[UserName]
FROM [AspNetUsers] AS [a]
WHERE [a].[NormalizedUserName] = @__normalizedUserName_0
[2025-10-03 20:20:39,804] INFO  [.NET TP Worker] Microsoft.EntityFrameworkCore.Database.Command ((null)) - Executed DbCommand (16ms) [Parameters=[@__userId_0='?' (Size = 450)], CommandType='Text', CommandTimeout='30']
SELECT [a0].[Name]
FROM [AspNetUserRoles] AS [a]
INNER JOIN [AspNetRoles] AS [a0] ON [a].[RoleId] = [a0].[Id]
WHERE [a].[UserId] = @__userId_0
[2025-10-03 20:20:39,819] INFO  [.NET TP Worker] Microsoft.EntityFrameworkCore.Database.Command ((null)) - Executed DbCommand (6ms) [Parameters=[@__user_Email_0='?' (Size = 120)], CommandType='Text', CommandTimeout='30']
SELECT TOP(1) [u].[UserId], [u].[AadhaarNumber], [u].[CreatedAt], [u].[DateOfBirth], [u].[Email], [u].[FirstName], [u].[IdentityUserId], [u].[LastName], [u].[PanNumber], [u].[PasswordHash], [u].[PhoneNumber], [u].[Role]
FROM [Users] AS [u]
WHERE [u].[Email] = @__user_Email_0
[2025-10-03 20:20:39,859] INFO  [.NET TP Worker] ShieldMyRide.Controllers.AuthenticationController ((null)) - Login successful for username: Aruna_13, roles: User
[2025-10-03 20:21:34,416] INFO  [.NET TP Worker] ShieldMyRide.Controllers.AuthenticationController ((null)) - Login attempt for username: Gayathri_12
[2025-10-03 20:21:34,463] INFO  [.NET TP Worker] Microsoft.EntityFrameworkCore.Database.Command ((null)) - Executed DbCommand (27ms) [Parameters=[@__normalizedUserName_0='?' (Size = 256)], CommandType='Text', CommandTimeout='30']
SELECT TOP(1) [a].[Id], [a].[AadhaarHash], [a].[AccessFailedCount], [a].[ConcurrencyStamp], [a].[Email], [a].[EmailConfirmed], [a].[LockoutEnabled], [a].[LockoutEnd], [a].[NormalizedEmail], [a].[NormalizedUserName], [a].[PanHash], [a].[PasswordHash], [a].[PhoneNumber], [a].[PhoneNumberConfirmed], [a].[SecurityStamp], [a].[TwoFactorEnabled], [a].[UserName]
FROM [AspNetUsers] AS [a]
WHERE [a].[NormalizedUserName] = @__normalizedUserName_0
[2025-10-03 20:21:34,861] WARN  [.NET TP Worker] ShieldMyRide.Controllers.AuthenticationController ((null)) - Login failed for username: Gayathri_12
[2025-10-03 20:22:47,180] INFO  [.NET TP Worker] ShieldMyRide.Controllers.AuthenticationController ((null)) - Register attempt for username: Gayu_21, email: gayathri.ec21@bitsathy.ac.in
[2025-10-03 20:22:47,219] INFO  [.NET TP Worker] Microsoft.EntityFrameworkCore.Database.Command ((null)) - Executed DbCommand (24ms) [Parameters=[@__normalizedUserName_0='?' (Size = 256)], CommandType='Text', CommandTimeout='30']
SELECT TOP(1) [a].[Id], [a].[AadhaarHash], [a].[AccessFailedCount], [a].[ConcurrencyStamp], [a].[Email], [a].[EmailConfirmed], [a].[LockoutEnabled], [a].[LockoutEnd], [a].[NormalizedEmail], [a].[NormalizedUserName], [a].[PanHash], [a].[PasswordHash], [a].[PhoneNumber], [a].[PhoneNumberConfirmed], [a].[SecurityStamp], [a].[TwoFactorEnabled], [a].[UserName]
FROM [AspNetUsers] AS [a]
WHERE [a].[NormalizedUserName] = @__normalizedUserName_0
[2025-10-03 20:22:47,544] INFO  [.NET TP Worker] Microsoft.EntityFrameworkCore.Database.Command ((null)) - Executed DbCommand (8ms) [Parameters=[@__normalizedUserName_0='?' (Size = 256)], CommandType='Text', CommandTimeout='30']
SELECT TOP(1) [a].[Id], [a].[AadhaarHash], [a].[AccessFailedCount], [a].[ConcurrencyStamp], [a].[Email], [a].[EmailConfirmed], [a].[LockoutEnabled], [a].[LockoutEnd], [a].[NormalizedEmail], [a].[NormalizedUserName], [a].[PanHash], [a].[PasswordHash], [a].[PhoneNumber], [a].[PhoneNumberConfirmed], [a].[SecurityStamp], [a].[TwoFactorEnabled], [a].[UserName]
FROM [AspNetUsers] AS [a]
WHERE [a].[NormalizedUserName] = @__normalizedUserName_0
[2025-10-03 20:22:47,638] INFO  [.NET TP Worker] Microsoft.EntityFrameworkCore.Database.Command ((null)) - Executed DbCommand (61ms) [Parameters=[@p0='?' (Size = 450), @p1='?' (Size = 4000), @p2='?' (DbType = Int32), @p3='?' (Size = 4000), @p4='?' (Size = 256), @p5='?' (DbType = Boolean), @p6='?' (DbType = Boolean), @p7='?' (DbType = DateTimeOffset), @p8='?' (Size = 256), @p9='?' (Size = 256), @p10='?' (Size = 4000), @p11='?' (Size = 4000), @p12='?' (Size = 4000), @p13='?' (DbType = Boolean), @p14='?' (Size = 4000), @p15='?' (DbType = Boolean), @p16='?' (Size = 256)], CommandType='Text', CommandTimeout='30']
SET IMPLICIT_TRANSACTIONS OFF;
SET NOCOUNT ON;
INSERT INTO [AspNetUsers] ([Id], [AadhaarHash], [AccessFailedCount], [ConcurrencyStamp], [Email], [EmailConfirmed], [LockoutEnabled], [LockoutEnd], [NormalizedEmail], [NormalizedUserName], [PanHash], [PasswordHash], [PhoneNumber], [PhoneNumberConfirmed], [SecurityStamp], [TwoFactorEnabled], [UserName])
VALUES (@p0, @p1, @p2, @p3, @p4, @p5, @p6, @p7, @p8, @p9, @p10, @p11, @p12, @p13, @p14, @p15, @p16);
[2025-10-03 20:22:47,660] INFO  [.NET TP Worker] Microsoft.EntityFrameworkCore.Database.Command ((null)) - Executed DbCommand (8ms) [Parameters=[@__normalizedName_0='?' (Size = 256)], CommandType='Text', CommandTimeout='30']
SELECT TOP(1) [a].[Id], [a].[ConcurrencyStamp], [a].[Name], [a].[NormalizedName]
FROM [AspNetRoles] AS [a]
WHERE [a].[NormalizedName] = @__normalizedName_0
[2025-10-03 20:22:47,679] INFO  [.NET TP Worker] Microsoft.EntityFrameworkCore.Database.Command ((null)) - Executed DbCommand (7ms) [Parameters=[@__normalizedRoleName_0='?' (Size = 256)], CommandType='Text', CommandTimeout='30']
SELECT TOP(2) [a].[Id], [a].[ConcurrencyStamp], [a].[Name], [a].[NormalizedName]
FROM [AspNetRoles] AS [a]
WHERE [a].[NormalizedName] = @__normalizedRoleName_0
[2025-10-03 20:22:47,712] INFO  [.NET TP Worker] Microsoft.EntityFrameworkCore.Database.Command ((null)) - Executed DbCommand (8ms) [Parameters=[@__p_0='?' (Size = 450), @__p_1='?' (Size = 450)], CommandType='Text', CommandTimeout='30']
SELECT TOP(1) [a].[UserId], [a].[RoleId]
FROM [AspNetUserRoles] AS [a]
WHERE [a].[UserId] = @__p_0 AND [a].[RoleId] = @__p_1
[2025-10-03 20:22:47,727] INFO  [.NET TP Worker] Microsoft.EntityFrameworkCore.Database.Command ((null)) - Executed DbCommand (2ms) [Parameters=[@__normalizedRoleName_0='?' (Size = 256)], CommandType='Text', CommandTimeout='30']
SELECT TOP(2) [a].[Id], [a].[ConcurrencyStamp], [a].[Name], [a].[NormalizedName]
FROM [AspNetRoles] AS [a]
WHERE [a].[NormalizedName] = @__normalizedRoleName_0
[2025-10-03 20:22:47,742] INFO  [.NET TP Worker] Microsoft.EntityFrameworkCore.Database.Command ((null)) - Executed DbCommand (2ms) [Parameters=[@__normalizedUserName_0='?' (Size = 256)], CommandType='Text', CommandTimeout='30']
SELECT TOP(1) [a].[Id], [a].[AadhaarHash], [a].[AccessFailedCount], [a].[ConcurrencyStamp], [a].[Email], [a].[EmailConfirmed], [a].[LockoutEnabled], [a].[LockoutEnd], [a].[NormalizedEmail], [a].[NormalizedUserName], [a].[PanHash], [a].[PasswordHash], [a].[PhoneNumber], [a].[PhoneNumberConfirmed], [a].[SecurityStamp], [a].[TwoFactorEnabled], [a].[UserName]
FROM [AspNetUsers] AS [a]
WHERE [a].[NormalizedUserName] = @__normalizedUserName_0
[2025-10-03 20:22:47,820] INFO  [.NET TP Worker] Microsoft.EntityFrameworkCore.Database.Command ((null)) - Executed DbCommand (62ms) [Parameters=[@p0='?' (Size = 450), @p1='?' (Size = 450), @p18='?' (Size = 450), @p2='?' (Size = 4000), @p3='?' (DbType = Int32), @p4='?' (Size = 4000), @p19='?' (Size = 4000), @p5='?' (Size = 256), @p6='?' (DbType = Boolean), @p7='?' (DbType = Boolean), @p8='?' (DbType = DateTimeOffset), @p9='?' (Size = 256), @p10='?' (Size = 256), @p11='?' (Size = 4000), @p12='?' (Size = 4000), @p13='?' (Size = 4000), @p14='?' (DbType = Boolean), @p15='?' (Size = 4000), @p16='?' (DbType = Boolean), @p17='?' (Size = 256)], CommandType='Text', CommandTimeout='30']
SET NOCOUNT ON;
INSERT INTO [AspNetUserRoles] ([RoleId], [UserId])
VALUES (@p0, @p1);
UPDATE [AspNetUsers] SET [AadhaarHash] = @p2, [AccessFailedCount] = @p3, [ConcurrencyStamp] = @p4, [Email] = @p5, [EmailConfirmed] = @p6, [LockoutEnabled] = @p7, [LockoutEnd] = @p8, [NormalizedEmail] = @p9, [NormalizedUserName] = @p10, [PanHash] = @p11, [PasswordHash] = @p12, [PhoneNumber] = @p13, [PhoneNumberConfirmed] = @p14, [SecurityStamp] = @p15, [TwoFactorEnabled] = @p16, [UserName] = @p17
OUTPUT 1
WHERE [Id] = @p18 AND [ConcurrencyStamp] = @p19;
[2025-10-03 20:22:47,859] INFO  [.NET TP Worker] Microsoft.EntityFrameworkCore.Database.Command ((null)) - Executed DbCommand (14ms) [Parameters=[@p0='?' (Size = 4000), @p1='?' (DbType = DateTime2), @p2='?' (DbType = DateTime2), @p3='?' (Size = 120), @p4='?' (Size = 50), @p5='?' (Size = 4000), @p6='?' (Size = 50), @p7='?' (Size = 4000), @p8='?' (Size = 4000), @p9='?' (Size = 4000), @p10='?' (Size = 4000)], CommandType='Text', CommandTimeout='30']
SET IMPLICIT_TRANSACTIONS OFF;
SET NOCOUNT ON;
INSERT INTO [Users] ([AadhaarNumber], [CreatedAt], [DateOfBirth], [Email], [FirstName], [IdentityUserId], [LastName], [PanNumber], [PasswordHash], [PhoneNumber], [Role])
OUTPUT INSERTED.[UserId]
VALUES (@p0, @p1, @p2, @p3, @p4, @p5, @p6, @p7, @p8, @p9, @p10);
[2025-10-03 20:22:47,874] INFO  [.NET TP Worker] ShieldMyRide.Controllers.AuthenticationController ((null)) - User Gayu_21 successfully registered with role admin.
[2025-10-03 20:23:01,333] INFO  [.NET TP Worker] ShieldMyRide.Controllers.AuthenticationController ((null)) - Login attempt for username: Gayu_22
[2025-10-03 20:23:01,368] INFO  [.NET TP Worker] Microsoft.EntityFrameworkCore.Database.Command ((null)) - Executed DbCommand (20ms) [Parameters=[@__normalizedUserName_0='?' (Size = 256)], CommandType='Text', CommandTimeout='30']
SELECT TOP(1) [a].[Id], [a].[AadhaarHash], [a].[AccessFailedCount], [a].[ConcurrencyStamp], [a].[Email], [a].[EmailConfirmed], [a].[LockoutEnabled], [a].[LockoutEnd], [a].[NormalizedEmail], [a].[NormalizedUserName], [a].[PanHash], [a].[PasswordHash], [a].[PhoneNumber], [a].[PhoneNumberConfirmed], [a].[SecurityStamp], [a].[TwoFactorEnabled], [a].[UserName]
FROM [AspNetUsers] AS [a]
WHERE [a].[NormalizedUserName] = @__normalizedUserName_0
[2025-10-03 20:23:01,379] WARN  [.NET TP Worker] ShieldMyRide.Controllers.AuthenticationController ((null)) - Login failed for username: Gayu_22
[2025-10-03 20:23:35,683] INFO  [.NET TP Worker] ShieldMyRide.Controllers.AuthenticationController ((null)) - Login attempt for username: Gayu_21
[2025-10-03 20:23:35,722] INFO  [.NET TP Worker] Microsoft.EntityFrameworkCore.Database.Command ((null)) - Executed DbCommand (3ms) [Parameters=[@__normalizedUserName_0='?' (Size = 256)], CommandType='Text', CommandTimeout='30']
SELECT TOP(1) [a].[Id], [a].[AadhaarHash], [a].[AccessFailedCount], [a].[ConcurrencyStamp], [a].[Email], [a].[EmailConfirmed], [a].[LockoutEnabled], [a].[LockoutEnd], [a].[NormalizedEmail], [a].[NormalizedUserName], [a].[PanHash], [a].[PasswordHash], [a].[PhoneNumber], [a].[PhoneNumberConfirmed], [a].[SecurityStamp], [a].[TwoFactorEnabled], [a].[UserName]
FROM [AspNetUsers] AS [a]
WHERE [a].[NormalizedUserName] = @__normalizedUserName_0
[2025-10-03 20:23:36,035] INFO  [.NET TP Worker] Microsoft.EntityFrameworkCore.Database.Command ((null)) - Executed DbCommand (13ms) [Parameters=[@__userId_0='?' (Size = 450)], CommandType='Text', CommandTimeout='30']
SELECT [a0].[Name]
FROM [AspNetUserRoles] AS [a]
INNER JOIN [AspNetRoles] AS [a0] ON [a].[RoleId] = [a0].[Id]
WHERE [a].[UserId] = @__userId_0
[2025-10-03 20:23:36,054] INFO  [.NET TP Worker] Microsoft.EntityFrameworkCore.Database.Command ((null)) - Executed DbCommand (7ms) [Parameters=[@__user_Email_0='?' (Size = 120)], CommandType='Text', CommandTimeout='30']
SELECT TOP(1) [u].[UserId], [u].[AadhaarNumber], [u].[CreatedAt], [u].[DateOfBirth], [u].[Email], [u].[FirstName], [u].[IdentityUserId], [u].[LastName], [u].[PanNumber], [u].[PasswordHash], [u].[PhoneNumber], [u].[Role]
FROM [Users] AS [u]
WHERE [u].[Email] = @__user_Email_0
[2025-10-03 20:23:36,063] INFO  [.NET TP Worker] ShieldMyRide.Controllers.AuthenticationController ((null)) - Login successful for username: Gayu_21, roles: Admin
[2025-10-03 20:24:41,711] INFO  [.NET TP Worker] ShieldMyRide.Controllers.AuthenticationController ((null)) - Login attempt for username: Gayu_12
[2025-10-03 20:24:41,747] INFO  [.NET TP Worker] Microsoft.EntityFrameworkCore.Database.Command ((null)) - Executed DbCommand (24ms) [Parameters=[@__normalizedUserName_0='?' (Size = 256)], CommandType='Text', CommandTimeout='30']
SELECT TOP(1) [a].[Id], [a].[AadhaarHash], [a].[AccessFailedCount], [a].[ConcurrencyStamp], [a].[Email], [a].[EmailConfirmed], [a].[LockoutEnabled], [a].[LockoutEnd], [a].[NormalizedEmail], [a].[NormalizedUserName], [a].[PanHash], [a].[PasswordHash], [a].[PhoneNumber], [a].[PhoneNumberConfirmed], [a].[SecurityStamp], [a].[TwoFactorEnabled], [a].[UserName]
FROM [AspNetUsers] AS [a]
WHERE [a].[NormalizedUserName] = @__normalizedUserName_0
[2025-10-03 20:24:41,757] WARN  [.NET TP Worker] ShieldMyRide.Controllers.AuthenticationController ((null)) - Login failed for username: Gayu_12
[2025-10-03 20:24:57,721] INFO  [.NET TP Worker] ShieldMyRide.Controllers.AuthenticationController ((null)) - Login attempt for username: Gayu_21
[2025-10-03 20:24:57,736] INFO  [.NET TP Worker] Microsoft.EntityFrameworkCore.Database.Command ((null)) - Executed DbCommand (2ms) [Parameters=[@__normalizedUserName_0='?' (Size = 256)], CommandType='Text', CommandTimeout='30']
SELECT TOP(1) [a].[Id], [a].[AadhaarHash], [a].[AccessFailedCount], [a].[ConcurrencyStamp], [a].[Email], [a].[EmailConfirmed], [a].[LockoutEnabled], [a].[LockoutEnd], [a].[NormalizedEmail], [a].[NormalizedUserName], [a].[PanHash], [a].[PasswordHash], [a].[PhoneNumber], [a].[PhoneNumberConfirmed], [a].[SecurityStamp], [a].[TwoFactorEnabled], [a].[UserName]
FROM [AspNetUsers] AS [a]
WHERE [a].[NormalizedUserName] = @__normalizedUserName_0
[2025-10-03 20:24:58,025] INFO  [.NET TP Worker] Microsoft.EntityFrameworkCore.Database.Command ((null)) - Executed DbCommand (15ms) [Parameters=[@__userId_0='?' (Size = 450)], CommandType='Text', CommandTimeout='30']
SELECT [a0].[Name]
FROM [AspNetUserRoles] AS [a]
INNER JOIN [AspNetRoles] AS [a0] ON [a].[RoleId] = [a0].[Id]
WHERE [a].[UserId] = @__userId_0
[2025-10-03 20:24:58,043] INFO  [.NET TP Worker] Microsoft.EntityFrameworkCore.Database.Command ((null)) - Executed DbCommand (8ms) [Parameters=[@__user_Email_0='?' (Size = 120)], CommandType='Text', CommandTimeout='30']
SELECT TOP(1) [u].[UserId], [u].[AadhaarNumber], [u].[CreatedAt], [u].[DateOfBirth], [u].[Email], [u].[FirstName], [u].[IdentityUserId], [u].[LastName], [u].[PanNumber], [u].[PasswordHash], [u].[PhoneNumber], [u].[Role]
FROM [Users] AS [u]
WHERE [u].[Email] = @__user_Email_0
[2025-10-03 20:24:58,054] INFO  [.NET TP Worker] ShieldMyRide.Controllers.AuthenticationController ((null)) - Login successful for username: Gayu_21, roles: Admin
[2025-10-03 20:25:16,626] INFO  [.NET TP Worker] Microsoft.EntityFrameworkCore.Database.Command ((null)) - Executed DbCommand (51ms) [Parameters=[@__p_0='?' (DbType = Int32)], CommandType='Text', CommandTimeout='30']
SELECT TOP(1) [u].[UserId], [u].[AadhaarNumber], [u].[CreatedAt], [u].[DateOfBirth], [u].[Email], [u].[FirstName], [u].[IdentityUserId], [u].[LastName], [u].[PanNumber], [u].[PasswordHash], [u].[PhoneNumber], [u].[Role]
FROM [Users] AS [u]
WHERE [u].[UserId] = @__p_0
[2025-10-03 20:25:22,558] INFO  [.NET TP Worker] Microsoft.EntityFrameworkCore.Database.Command ((null)) - Executed DbCommand (19ms) [Parameters=[@__p_0='?' (DbType = Int32)], CommandType='Text', CommandTimeout='30']
SELECT TOP(1) [u].[UserId], [u].[AadhaarNumber], [u].[CreatedAt], [u].[DateOfBirth], [u].[Email], [u].[FirstName], [u].[IdentityUserId], [u].[LastName], [u].[PanNumber], [u].[PasswordHash], [u].[PhoneNumber], [u].[Role]
FROM [Users] AS [u]
WHERE [u].[UserId] = @__p_0
[2025-10-03 20:25:27,551] INFO  [.NET TP Worker] Microsoft.EntityFrameworkCore.Database.Command ((null)) - Executed DbCommand (5ms) [Parameters=[@__p_0='?' (DbType = Int32)], CommandType='Text', CommandTimeout='30']
SELECT TOP(1) [u].[UserId], [u].[AadhaarNumber], [u].[CreatedAt], [u].[DateOfBirth], [u].[Email], [u].[FirstName], [u].[IdentityUserId], [u].[LastName], [u].[PanNumber], [u].[PasswordHash], [u].[PhoneNumber], [u].[Role]
FROM [Users] AS [u]
WHERE [u].[UserId] = @__p_0
[2025-10-03 20:25:50,942] INFO  [.NET TP Worker] Microsoft.EntityFrameworkCore.Database.Command ((null)) - Executed DbCommand (8ms) [Parameters=[@__p_0='?' (DbType = Int32)], CommandType='Text', CommandTimeout='30']
SELECT TOP(1) [u].[UserId], [u].[AadhaarNumber], [u].[CreatedAt], [u].[DateOfBirth], [u].[Email], [u].[FirstName], [u].[IdentityUserId], [u].[LastName], [u].[PanNumber], [u].[PasswordHash], [u].[PhoneNumber], [u].[Role]
FROM [Users] AS [u]
WHERE [u].[UserId] = @__p_0
[2025-10-03 20:25:50,992] INFO  [.NET TP Worker] Microsoft.EntityFrameworkCore.Database.Command ((null)) - Executed DbCommand (15ms) [Parameters=[@__p_0='?' (Size = 450)], CommandType='Text', CommandTimeout='30']
SELECT TOP(1) [a].[Id], [a].[AadhaarHash], [a].[AccessFailedCount], [a].[ConcurrencyStamp], [a].[Email], [a].[EmailConfirmed], [a].[LockoutEnabled], [a].[LockoutEnd], [a].[NormalizedEmail], [a].[NormalizedUserName], [a].[PanHash], [a].[PasswordHash], [a].[PhoneNumber], [a].[PhoneNumberConfirmed], [a].[SecurityStamp], [a].[TwoFactorEnabled], [a].[UserName]
FROM [AspNetUsers] AS [a]
WHERE [a].[Id] = @__p_0
[2025-10-03 20:25:51,020] INFO  [.NET TP Worker] Microsoft.EntityFrameworkCore.Database.Command ((null)) - Executed DbCommand (12ms) [Parameters=[@__userId_0='?' (Size = 450)], CommandType='Text', CommandTimeout='30']
SELECT [a0].[Name]
FROM [AspNetUserRoles] AS [a]
INNER JOIN [AspNetRoles] AS [a0] ON [a].[RoleId] = [a0].[Id]
WHERE [a].[UserId] = @__userId_0
[2025-10-03 20:25:56,218] INFO  [.NET TP Worker] Microsoft.EntityFrameworkCore.Database.Command ((null)) - Executed DbCommand (7ms) [Parameters=[@__p_0='?' (DbType = Int32)], CommandType='Text', CommandTimeout='30']
SELECT TOP(1) [u].[UserId], [u].[AadhaarNumber], [u].[CreatedAt], [u].[DateOfBirth], [u].[Email], [u].[FirstName], [u].[IdentityUserId], [u].[LastName], [u].[PanNumber], [u].[PasswordHash], [u].[PhoneNumber], [u].[Role]
FROM [Users] AS [u]
WHERE [u].[UserId] = @__p_0
[2025-10-03 20:25:56,239] INFO  [.NET TP Worker] Microsoft.EntityFrameworkCore.Database.Command ((null)) - Executed DbCommand (11ms) [Parameters=[@__p_0='?' (Size = 450)], CommandType='Text', CommandTimeout='30']
SELECT TOP(1) [a].[Id], [a].[AadhaarHash], [a].[AccessFailedCount], [a].[ConcurrencyStamp], [a].[Email], [a].[EmailConfirmed], [a].[LockoutEnabled], [a].[LockoutEnd], [a].[NormalizedEmail], [a].[NormalizedUserName], [a].[PanHash], [a].[PasswordHash], [a].[PhoneNumber], [a].[PhoneNumberConfirmed], [a].[SecurityStamp], [a].[TwoFactorEnabled], [a].[UserName]
FROM [AspNetUsers] AS [a]
WHERE [a].[Id] = @__p_0
[2025-10-03 20:25:56,263] INFO  [.NET TP Worker] Microsoft.EntityFrameworkCore.Database.Command ((null)) - Executed DbCommand (11ms) [Parameters=[@__userId_0='?' (Size = 450)], CommandType='Text', CommandTimeout='30']
SELECT [a0].[Name]
FROM [AspNetUserRoles] AS [a]
INNER JOIN [AspNetRoles] AS [a0] ON [a].[RoleId] = [a0].[Id]
WHERE [a].[UserId] = @__userId_0
[2025-10-03 20:26:13,984] INFO  [.NET TP Worker] Microsoft.EntityFrameworkCore.Database.Command ((null)) - Executed DbCommand (13ms) [Parameters=[@__p_0='?' (DbType = Int32)], CommandType='Text', CommandTimeout='30']
SELECT TOP(1) [u].[UserId], [u].[AadhaarNumber], [u].[CreatedAt], [u].[DateOfBirth], [u].[Email], [u].[FirstName], [u].[IdentityUserId], [u].[LastName], [u].[PanNumber], [u].[PasswordHash], [u].[PhoneNumber], [u].[Role]
FROM [Users] AS [u]
WHERE [u].[UserId] = @__p_0
[2025-10-03 20:26:14,034] INFO  [.NET TP Worker] Microsoft.EntityFrameworkCore.Database.Command ((null)) - Executed DbCommand (36ms) [Parameters=[@__p_0='?' (Size = 450)], CommandType='Text', CommandTimeout='30']
SELECT TOP(1) [a].[Id], [a].[AadhaarHash], [a].[AccessFailedCount], [a].[ConcurrencyStamp], [a].[Email], [a].[EmailConfirmed], [a].[LockoutEnabled], [a].[LockoutEnd], [a].[NormalizedEmail], [a].[NormalizedUserName], [a].[PanHash], [a].[PasswordHash], [a].[PhoneNumber], [a].[PhoneNumberConfirmed], [a].[SecurityStamp], [a].[TwoFactorEnabled], [a].[UserName]
FROM [AspNetUsers] AS [a]
WHERE [a].[Id] = @__p_0
[2025-10-03 20:26:14,065] INFO  [.NET TP Worker] Microsoft.EntityFrameworkCore.Database.Command ((null)) - Executed DbCommand (17ms) [Parameters=[@__userId_0='?' (Size = 450)], CommandType='Text', CommandTimeout='30']
SELECT [a0].[Name]
FROM [AspNetUserRoles] AS [a]
INNER JOIN [AspNetRoles] AS [a0] ON [a].[RoleId] = [a0].[Id]
WHERE [a].[UserId] = @__userId_0
[2025-10-03 20:26:20,500] INFO  [.NET TP Worker] Microsoft.EntityFrameworkCore.Database.Command ((null)) - Executed DbCommand (7ms) [Parameters=[@__p_0='?' (DbType = Int32)], CommandType='Text', CommandTimeout='30']
SELECT TOP(1) [u].[UserId], [u].[AadhaarNumber], [u].[CreatedAt], [u].[DateOfBirth], [u].[Email], [u].[FirstName], [u].[IdentityUserId], [u].[LastName], [u].[PanNumber], [u].[PasswordHash], [u].[PhoneNumber], [u].[Role]
FROM [Users] AS [u]
WHERE [u].[UserId] = @__p_0
[2025-10-03 20:26:20,522] INFO  [.NET TP Worker] Microsoft.EntityFrameworkCore.Database.Command ((null)) - Executed DbCommand (12ms) [Parameters=[@__p_0='?' (Size = 450)], CommandType='Text', CommandTimeout='30']
SELECT TOP(1) [a].[Id], [a].[AadhaarHash], [a].[AccessFailedCount], [a].[ConcurrencyStamp], [a].[Email], [a].[EmailConfirmed], [a].[LockoutEnabled], [a].[LockoutEnd], [a].[NormalizedEmail], [a].[NormalizedUserName], [a].[PanHash], [a].[PasswordHash], [a].[PhoneNumber], [a].[PhoneNumberConfirmed], [a].[SecurityStamp], [a].[TwoFactorEnabled], [a].[UserName]
FROM [AspNetUsers] AS [a]
WHERE [a].[Id] = @__p_0
[2025-10-03 20:26:20,547] INFO  [.NET TP Worker] Microsoft.EntityFrameworkCore.Database.Command ((null)) - Executed DbCommand (12ms) [Parameters=[@__userId_0='?' (Size = 450)], CommandType='Text', CommandTimeout='30']
SELECT [a0].[Name]
FROM [AspNetUserRoles] AS [a]
INNER JOIN [AspNetRoles] AS [a0] ON [a].[RoleId] = [a0].[Id]
WHERE [a].[UserId] = @__userId_0
[2025-10-03 20:38:03,465] INFO  [.NET TP Worker] ShieldMyRide.Controllers.AuthenticationController ((null)) - Login attempt for username: Aruna_13
[2025-10-03 20:38:03,830] INFO  [.NET TP Worker] Microsoft.EntityFrameworkCore.Database.Command ((null)) - Executed DbCommand (112ms) [Parameters=[@__normalizedUserName_0='?' (Size = 256)], CommandType='Text', CommandTimeout='30']
SELECT TOP(1) [a].[Id], [a].[AadhaarHash], [a].[AccessFailedCount], [a].[ConcurrencyStamp], [a].[Email], [a].[EmailConfirmed], [a].[LockoutEnabled], [a].[LockoutEnd], [a].[NormalizedEmail], [a].[NormalizedUserName], [a].[PanHash], [a].[PasswordHash], [a].[PhoneNumber], [a].[PhoneNumberConfirmed], [a].[SecurityStamp], [a].[TwoFactorEnabled], [a].[UserName]
FROM [AspNetUsers] AS [a]
WHERE [a].[NormalizedUserName] = @__normalizedUserName_0
[2025-10-03 20:38:03,987] INFO  [.NET TP Worker] Microsoft.EntityFrameworkCore.Database.Command ((null)) - Executed DbCommand (28ms) [Parameters=[@__userId_0='?' (Size = 450)], CommandType='Text', CommandTimeout='30']
SELECT [a0].[Name]
FROM [AspNetUserRoles] AS [a]
INNER JOIN [AspNetRoles] AS [a0] ON [a].[RoleId] = [a0].[Id]
WHERE [a].[UserId] = @__userId_0
[2025-10-03 20:38:04,017] INFO  [.NET TP Worker] Microsoft.EntityFrameworkCore.Database.Command ((null)) - Executed DbCommand (12ms) [Parameters=[@__user_Email_0='?' (Size = 120)], CommandType='Text', CommandTimeout='30']
SELECT TOP(1) [u].[UserId], [u].[AadhaarNumber], [u].[CreatedAt], [u].[DateOfBirth], [u].[Email], [u].[FirstName], [u].[IdentityUserId], [u].[LastName], [u].[PanNumber], [u].[PasswordHash], [u].[PhoneNumber], [u].[Role]
FROM [Users] AS [u]
WHERE [u].[Email] = @__user_Email_0
[2025-10-03 20:38:04,031] INFO  [.NET TP Worker] ShieldMyRide.Controllers.AuthenticationController ((null)) - Login successful for username: Aruna_13, roles: User
[2025-10-03 20:40:48,844] INFO  [.NET TP Worker] ShieldMyRide.Controllers.AuthenticationController ((null)) - Login attempt for username: Aruna_13
[2025-10-03 20:40:48,891] INFO  [.NET TP Worker] Microsoft.EntityFrameworkCore.Database.Command ((null)) - Executed DbCommand (36ms) [Parameters=[@__normalizedUserName_0='?' (Size = 256)], CommandType='Text', CommandTimeout='30']
SELECT TOP(1) [a].[Id], [a].[AadhaarHash], [a].[AccessFailedCount], [a].[ConcurrencyStamp], [a].[Email], [a].[EmailConfirmed], [a].[LockoutEnabled], [a].[LockoutEnd], [a].[NormalizedEmail], [a].[NormalizedUserName], [a].[PanHash], [a].[PasswordHash], [a].[PhoneNumber], [a].[PhoneNumberConfirmed], [a].[SecurityStamp], [a].[TwoFactorEnabled], [a].[UserName]
FROM [AspNetUsers] AS [a]
WHERE [a].[NormalizedUserName] = @__normalizedUserName_0
[2025-10-03 20:40:49,019] INFO  [.NET TP Worker] Microsoft.EntityFrameworkCore.Database.Command ((null)) - Executed DbCommand (21ms) [Parameters=[@__userId_0='?' (Size = 450)], CommandType='Text', CommandTimeout='30']
SELECT [a0].[Name]
FROM [AspNetUserRoles] AS [a]
INNER JOIN [AspNetRoles] AS [a0] ON [a].[RoleId] = [a0].[Id]
WHERE [a].[UserId] = @__userId_0
[2025-10-03 20:40:49,031] INFO  [.NET TP Worker] Microsoft.EntityFrameworkCore.Database.Command ((null)) - Executed DbCommand (6ms) [Parameters=[@__user_Email_0='?' (Size = 120)], CommandType='Text', CommandTimeout='30']
SELECT TOP(1) [u].[UserId], [u].[AadhaarNumber], [u].[CreatedAt], [u].[DateOfBirth], [u].[Email], [u].[FirstName], [u].[IdentityUserId], [u].[LastName], [u].[PanNumber], [u].[PasswordHash], [u].[PhoneNumber], [u].[Role]
FROM [Users] AS [u]
WHERE [u].[Email] = @__user_Email_0
[2025-10-03 20:40:49,036] INFO  [.NET TP Worker] ShieldMyRide.Controllers.AuthenticationController ((null)) - Login successful for username: Aruna_13, roles: User
