[2025-09-29 13:21:31,898] INFO  [1] Microsoft.Hosting.Lifetime ((null)) - Now listening on: https://localhost:7153
[2025-09-29 13:21:32,755] INFO  [1] Microsoft.Hosting.Lifetime ((null)) - Now listening on: http://localhost:5028
[2025-09-29 13:21:33,019] INFO  [1] Microsoft.Hosting.Lifetime ((null)) - Application started. Press Ctrl+C to shut down.
[2025-09-29 13:21:33,034] INFO  [1] Microsoft.Hosting.Lifetime ((null)) - Hosting environment: Development
[2025-09-29 13:21:33,044] INFO  [1] Microsoft.Hosting.Lifetime ((null)) - Content root path: D:\Downloads\ShieldMyRide\ShieldMyRide
[2025-09-29 13:22:19,601] INFO  [.NET TP Worker] ShieldMyRide.Controllers.AuthenticationController ((null)) - Login attempt for username: Aruna_13
[2025-09-29 13:22:21,707] WARN  [.NET TP Worker] Microsoft.EntityFrameworkCore.Model.Validation ((null)) - No store type was specified for the decimal property 'ClaimAmount' on entity type 'InsuranceClaim'. This will cause values to be silently truncated if they do not fit in the default precision and scale. Explicitly specify the SQL server column type that can accommodate all the values in 'OnModelCreating' using 'HasColumnType', specify precision and scale using 'HasPrecision', or configure a value converter using 'HasConversion'.
[2025-09-29 13:22:21,721] WARN  [.NET TP Worker] Microsoft.EntityFrameworkCore.Model.Validation ((null)) - No store type was specified for the decimal property 'SettlementAmount' on entity type 'InsuranceClaim'. This will cause values to be silently truncated if they do not fit in the default precision and scale. Explicitly specify the SQL server column type that can accommodate all the values in 'OnModelCreating' using 'HasColumnType', specify precision and scale using 'HasPrecision', or configure a value converter using 'HasConversion'.
[2025-09-29 13:22:21,732] WARN  [.NET TP Worker] Microsoft.EntityFrameworkCore.Model.Validation ((null)) - No store type was specified for the decimal property 'AmountPaid' on entity type 'Payment'. This will cause values to be silently truncated if they do not fit in the default precision and scale. Explicitly specify the SQL server column type that can accommodate all the values in 'OnModelCreating' using 'HasColumnType', specify precision and scale using 'HasPrecision', or configure a value converter using 'HasConversion'.
[2025-09-29 13:22:21,763] WARN  [.NET TP Worker] Microsoft.EntityFrameworkCore.Model.Validation ((null)) - No store type was specified for the decimal property 'BasePremium' on entity type 'Policy'. This will cause values to be silently truncated if they do not fit in the default precision and scale. Explicitly specify the SQL server column type that can accommodate all the values in 'OnModelCreating' using 'HasColumnType', specify precision and scale using 'HasPrecision', or configure a value converter using 'HasConversion'.
[2025-09-29 13:22:21,791] WARN  [.NET TP Worker] Microsoft.EntityFrameworkCore.Model.Validation ((null)) - No store type was specified for the decimal property 'CoverageAmount' on entity type 'Policy'. This will cause values to be silently truncated if they do not fit in the default precision and scale. Explicitly specify the SQL server column type that can accommodate all the values in 'OnModelCreating' using 'HasColumnType', specify precision and scale using 'HasPrecision', or configure a value converter using 'HasConversion'.
[2025-09-29 13:22:21,804] WARN  [.NET TP Worker] Microsoft.EntityFrameworkCore.Model.Validation ((null)) - No store type was specified for the decimal property 'Premium' on entity type 'Proposal'. This will cause values to be silently truncated if they do not fit in the default precision and scale. Explicitly specify the SQL server column type that can accommodate all the values in 'OnModelCreating' using 'HasColumnType', specify precision and scale using 'HasPrecision', or configure a value converter using 'HasConversion'.
[2025-09-29 13:22:21,816] WARN  [.NET TP Worker] Microsoft.EntityFrameworkCore.Model.Validation ((null)) - No store type was specified for the decimal property 'PremiumAmount' on entity type 'Quote'. This will cause values to be silently truncated if they do not fit in the default precision and scale. Explicitly specify the SQL server column type that can accommodate all the values in 'OnModelCreating' using 'HasColumnType', specify precision and scale using 'HasPrecision', or configure a value converter using 'HasConversion'.
[2025-09-29 13:22:26,105] INFO  [.NET TP Worker] Microsoft.EntityFrameworkCore.Database.Command ((null)) - Executed DbCommand (916ms) [Parameters=[@__normalizedUserName_0='?' (Size = 256)], CommandType='Text', CommandTimeout='30']
SELECT TOP(1) [a].[Id], [a].[AadhaarHash], [a].[AccessFailedCount], [a].[ConcurrencyStamp], [a].[Email], [a].[EmailConfirmed], [a].[LockoutEnabled], [a].[LockoutEnd], [a].[NormalizedEmail], [a].[NormalizedUserName], [a].[PanHash], [a].[PasswordHash], [a].[PhoneNumber], [a].[PhoneNumberConfirmed], [a].[SecurityStamp], [a].[TwoFactorEnabled], [a].[UserName]
FROM [AspNetUsers] AS [a]
WHERE [a].[NormalizedUserName] = @__normalizedUserName_0
[2025-09-29 13:22:27,016] INFO  [.NET TP Worker] Microsoft.EntityFrameworkCore.Database.Command ((null)) - Executed DbCommand (22ms) [Parameters=[@__userId_0='?' (Size = 450)], CommandType='Text', CommandTimeout='30']
SELECT [a0].[Name]
FROM [AspNetUserRoles] AS [a]
INNER JOIN [AspNetRoles] AS [a0] ON [a].[RoleId] = [a0].[Id]
WHERE [a].[UserId] = @__userId_0
[2025-09-29 13:22:27,089] INFO  [.NET TP Worker] Microsoft.EntityFrameworkCore.Database.Command ((null)) - Executed DbCommand (32ms) [Parameters=[@__user_Email_0='?' (Size = 120)], CommandType='Text', CommandTimeout='30']
SELECT TOP(1) [u].[UserId], [u].[AadhaarNumber], [u].[CreatedAt], [u].[DateOfBirth], [u].[Email], [u].[FirstName], [u].[IdentityUserId], [u].[LastName], [u].[PanNumber], [u].[PasswordHash], [u].[PhoneNumber], [u].[Role]
FROM [Users] AS [u]
WHERE [u].[Email] = @__user_Email_0
[2025-09-29 13:22:27,190] INFO  [.NET TP Worker] ShieldMyRide.Controllers.AuthenticationController ((null)) - Login successful for username: Aruna_13, roles: User
